[0mCompiling "resources/public/js/mui.js" from ["src"]...[0m
Compiling src/muicljs/template.cljc
Copying file:/home/jonathan/code/work/mui/muicljs/src/muicljs/template.cljc to resources/public/js/muicljs/template.cljc
[32mSuccessfully compiled "resources/public/js/mui.js" in 0.45 seconds.[0m
notifying browser that file changed:  resources/public/js/goog/deps.js
notifying browser that file changed:  resources/public/js/cljs_deps.js
notifying browser that file changed:  resources/public/js/muicljs/template.js
[0mCompiling "resources/public/js/mui.js" from ["src"]...[0m
Compiling src/muicljs/template.cljc
Copying file:/home/jonathan/code/work/mui/muicljs/src/muicljs/template.cljc to resources/public/js/muicljs/template.cljc
[32mSuccessfully compiled "resources/public/js/mui.js" in 0.444 seconds.[0m
notifying browser that file changed:  resources/public/js/muicljs/template.js
[0mCompiling "resources/public/js/mui.js" from ["src"]...[0m
Compiling src/muicljs/core.cljc
Compiling target/figwheel_temp/dev/figwheel/connect/dev.cljs
Copying file:/home/jonathan/code/work/mui/muicljs/src/muicljs/core.cljc to resources/public/js/muicljs/core.cljc
[32mSuccessfully compiled "resources/public/js/mui.js" in 0.709 seconds.[0m
notifying browser that file changed:  resources/public/js/goog/deps.js
notifying browser that file changed:  resources/public/js/cljs_deps.js
notifying browser that file changed:  resources/public/js/muicljs/core.js
[0mCompiling "resources/public/js/mui.js" from ["src"]...[0m
Compiling src/muicljs/core.cljc
Compiling target/figwheel_temp/dev/figwheel/connect/dev.cljs
Copying file:/home/jonathan/code/work/mui/muicljs/src/muicljs/core.cljc to resources/public/js/muicljs/core.cljc
[32mSuccessfully compiled "resources/public/js/mui.js" in 0.608 seconds.[0m
notifying browser that file changed:  resources/public/js/muicljs/core.js
[0mCompiling "resources/public/js/mui.js" from ["src"]...[0m
Compiling src/muicljs/core.cljc
[36m----  Compiler Warning on   src/muicljs/core.cljc   line:47  column:87  ----[0m

  [1mWrong number of args (1) passed to muicljs.menu-item/MenuItem[0m

  [36m43[0m  [36m[this][0m
  [36m44[0m  [36m(let [{:keys [count]} (om/props this)][0m
  [36m45[0m  [36m  (content/Content[0m
  [36m46[0m  [36m   (appBar/AppBar nil "Inicial")[0m
  [33m47[0m  [1m   (menuDrawer/MenuDrawer {:title "Titulo"} (menuItem/MenuItem {:href "/"} "Home") (menuItem/MenuItem {:href "/Segunda"}))[0m
  [0m  [0m  [33m                                                                                   ^--- Wrong number of args (1) passed to muicljs.menu-item/MenuItem[0m
  [36m48[0m  [36m   (dom/main[0m
  [36m49[0m  [36m    #js {:className "mdl-layout__content mdl-color--grey-100"}[0m
  [36m50[0m  [36m    (dom/h2 nil "Lorean Ipsum")[0m
  [36m51[0m  [36m    (divider/Divider)[0m
  [36m52[0m  [36m    (dom/br nil nil)[0m

[36m----  Compiler Warning : Please see src/muicljs/core.cljc  ----[0m
Compiling target/figwheel_temp/dev/figwheel/connect/dev.cljs
Copying file:/home/jonathan/code/work/mui/muicljs/src/muicljs/core.cljc to resources/public/js/muicljs/core.cljc
[32mSuccessfully compiled "resources/public/js/mui.js" in 0.694 seconds.[0m
notifying browser that file changed:  resources/public/js/goog/deps.js
notifying browser that file changed:  resources/public/js/cljs_deps.js
notifying browser that file changed:  resources/public/js/muicljs/core.js
[0mCompiling "resources/public/js/mui.js" from ["src"]...[0m
Compiling src/muicljs/core.cljc
Compiling target/figwheel_temp/dev/figwheel/connect/dev.cljs
Copying file:/home/jonathan/code/work/mui/muicljs/src/muicljs/core.cljc to resources/public/js/muicljs/core.cljc
[32mSuccessfully compiled "resources/public/js/mui.js" in 0.642 seconds.[0m
notifying browser that file changed:  resources/public/js/muicljs/core.js
[36m----  Couldn't load Clojure file  src/muicljs/core.cljc   line:1  column:1  ----[0m

  [1mCould not locate muicljs/mui__init.class or muicljs/mui.clj on classpath.[0m

  [33m1[0m  [1m(ns muicljs.core[0m
  [0m [0m  [33m^--- Could not locate muicljs/mui__init.class or muicljs/mui.clj on classpath.[0m
  [36m2[0m  [36m  (:require #?(:cljs [goog.dom :as gdom])[0m
  [36m3[0m  [36m            [muicljs.app-bar :as appBar][0m
  [36m4[0m  [36m            [muicljs.mui :as mui][0m

[36m----  Exception Stack Trace  ----[0m

java.io.FileNotFoundException: Could not locate muicljs/mui__init.class or muicljs/mui.clj on classpath.
 at clojure.lang.RT.load (RT.java:456)
    clojure.lang.RT.load (RT.java:419)
    clojure.core$load$fn__5677.invoke (core.clj:5893)
    clojure.core$load.invokeStatic (core.clj:5892)
    clojure.core$load.doInvoke (core.clj:5876)
    clojure.lang.RestFn.invoke (RestFn.java:408)
    clojure.core$load_one.invokeStatic (core.clj:5697)
    clojure.core$load_one.invoke (core.clj:5692)
    clojure.core$load_lib$fn__5626.invoke (core.clj:5737)
    clojure.core$load_lib.invokeStatic (core.clj:5736)
    clojure.core$load_lib.doInvoke (core.clj:5717)
    clojure.lang.RestFn.applyTo (RestFn.java:142)
    clojure.core$apply.invokeStatic (core.clj:648)
    clojure.core$load_libs.invokeStatic (core.clj:5774)
    clojure.core$load_libs.doInvoke (core.clj:5758)
    clojure.lang.RestFn.applyTo (RestFn.java:137)
    clojure.core$apply.invokeStatic (core.clj:648)
    clojure.core$require.invokeStatic (core.clj:5796)
    clojure.core$require.doInvoke (core.clj:5796)
    clojure.lang.RestFn.invoke (RestFn.java:930)
    muicljs.core$eval30677$loading__5569__auto____30678.invoke (core.cljc:1)
    muicljs.core$eval30677.invokeStatic (core.cljc:1)
    muicljs.core$eval30677.invoke (core.cljc:1)
    clojure.lang.Compiler.eval (Compiler.java:6927)
    clojure.lang.Compiler.eval (Compiler.java:6916)
    clojure.lang.Compiler.load (Compiler.java:7379)
    clojure.lang.Compiler.loadFile (Compiler.java:7317)
    clojure.lang.RT$3.invoke (RT.java:320)
    figwheel_sidecar.build_middleware.clj_reloading$handle_clj_source_reloading.invokeStatic (clj_reloading.clj:61)
    figwheel_sidecar.build_middleware.clj_reloading$handle_clj_source_reloading.invoke (clj_reloading.clj:46)
    figwheel_sidecar.build_middleware.clj_reloading$hook$fn__24845.invoke (clj_reloading.clj:93)
    figwheel_sidecar.build_middleware.javascript_reloading$hook$fn__24878.invoke (javascript_reloading.clj:48)
    figwheel_sidecar.components.cljs_autobuild$color_output$fn__24931.invoke (cljs_autobuild.clj:79)
    figwheel_sidecar.components.cljs_autobuild$execute_build$fn__24972.invoke (cljs_autobuild.clj:231)
    figwheel_sidecar.utils$sync_exec$fn__2862$fn__2863.invoke (utils.clj:13)
    figwheel_sidecar.utils$sync_exec$fn__2862.invoke (utils.clj:12)
    clojure.core$binding_conveyor_fn$fn__4676.invoke (core.clj:1941)
    clojure.lang.AFn.applyToHelper (AFn.java:154)
    clojure.lang.RestFn.applyTo (RestFn.java:132)
    clojure.lang.Agent$Action.doRun (Agent.java:114)
    clojure.lang.Agent$Action.run (Agent.java:163)
    java.util.concurrent.ThreadPoolExecutor.runWorker (ThreadPoolExecutor.java:1142)
    java.util.concurrent.ThreadPoolExecutor$Worker.run (ThreadPoolExecutor.java:617)
    java.lang.Thread.run (Thread.java:748)

[36m----  Couldn't load Clojure file  muicljs/mui.cljc   line:12  column:1  ----[0m

  [1mUnable to resolve symbol: enable-console-print! in this context[0m

[36m----  Exception Stack Trace  ----[0m

java.lang.RuntimeException: Unable to resolve symbol: enable-console-print! in this context
 at clojure.lang.Util.runtimeException (Util.java:221)
    clojure.lang.Compiler.resolveIn (Compiler.java:7164)
    clojure.lang.Compiler.resolve (Compiler.java:7108)
    clojure.lang.Compiler.analyzeSymbol (Compiler.java:7069)
    clojure.lang.Compiler.analyze (Compiler.java:6648)
    clojure.lang.Compiler.analyze (Compiler.java:6625)
    clojure.lang.Compiler$InvokeExpr.parse (Compiler.java:3766)
    clojure.lang.Compiler.analyzeSeq (Compiler.java:6870)
    clojure.lang.Compiler.analyze (Compiler.java:6669)
    clojure.lang.Compiler.analyze (Compiler.java:6625)
    clojure.lang.Compiler$BodyExpr$Parser.parse (Compiler.java:6001)
    clojure.lang.Compiler$FnMethod.parse (Compiler.java:5380)
    clojure.lang.Compiler$FnExpr.parse (Compiler.java:3972)
    clojure.lang.Compiler.analyzeSeq (Compiler.java:6866)
    clojure.lang.Compiler.analyze (Compiler.java:6669)
    clojure.lang.Compiler.eval (Compiler.java:6924)
    clojure.lang.Compiler.load (Compiler.java:7379)
    clojure.lang.RT.loadResourceScript (RT.java:372)
    clojure.lang.RT.loadResourceScript (RT.java:363)
    clojure.lang.RT.load (RT.java:453)
    clojure.lang.RT.load (RT.java:419)
    clojure.core$load$fn__5677.invoke (core.clj:5893)
    clojure.core$load.invokeStatic (core.clj:5892)
    clojure.core$load.doInvoke (core.clj:5876)
    clojure.lang.RestFn.invoke (RestFn.java:408)
    clojure.core$load_one.invokeStatic (core.clj:5697)
    clojure.core$load_one.invoke (core.clj:5692)
    clojure.core$load_lib$fn__5626.invoke (core.clj:5737)
    clojure.core$load_lib.invokeStatic (core.clj:5736)
    clojure.core$load_lib.doInvoke (core.clj:5717)
    clojure.lang.RestFn.applyTo (RestFn.java:142)
    clojure.core$apply.invokeStatic (core.clj:648)
    clojure.core$load_libs.invokeStatic (core.clj:5774)
    clojure.core$load_libs.doInvoke (core.clj:5758)
    clojure.lang.RestFn.applyTo (RestFn.java:137)
    clojure.core$apply.invokeStatic (core.clj:648)
    clojure.core$require.invokeStatic (core.clj:5796)
    clojure.core$require.doInvoke (core.clj:5796)
    clojure.lang.RestFn.invoke (RestFn.java:930)
    muicljs.core$eval30320$loading__5569__auto____30321.invoke (core.cljc:1)
    muicljs.core$eval30320.invokeStatic (core.cljc:1)
    muicljs.core$eval30320.invoke (core.cljc:1)
    clojure.lang.Compiler.eval (Compiler.java:6927)
    clojure.lang.Compiler.eval (Compiler.java:6916)
    clojure.lang.Compiler.load (Compiler.java:7379)
    clojure.lang.Compiler.loadFile (Compiler.java:7317)
    clojure.lang.RT$3.invoke (RT.java:320)
    figwheel_sidecar.build_middleware.clj_reloading$handle_clj_source_reloading.invokeStatic (clj_reloading.clj:61)
    figwheel_sidecar.build_middleware.clj_reloading$handle_clj_source_reloading.invoke (clj_reloading.clj:46)
    figwheel_sidecar.build_middleware.clj_reloading$hook$fn__24845.invoke (clj_reloading.clj:93)
    figwheel_sidecar.build_middleware.javascript_reloading$hook$fn__24878.invoke (javascript_reloading.clj:48)
    figwheel_sidecar.components.cljs_autobuild$color_output$fn__24931.invoke (cljs_autobuild.clj:79)
    figwheel_sidecar.components.cljs_autobuild$execute_build$fn__24972.invoke (cljs_autobuild.clj:231)
    figwheel_sidecar.utils$sync_exec$fn__2862$fn__2863.invoke (utils.clj:13)
    figwheel_sidecar.utils$sync_exec$fn__2862.invoke (utils.clj:12)
    clojure.core$binding_conveyor_fn$fn__4676.invoke (core.clj:1941)
    clojure.lang.AFn.applyToHelper (AFn.java:154)
    clojure.lang.RestFn.applyTo (RestFn.java:132)
    clojure.lang.Agent$Action.doRun (Agent.java:114)
    clojure.lang.Agent$Action.run (Agent.java:163)
    java.util.concurrent.ThreadPoolExecutor.runWorker (ThreadPoolExecutor.java:1142)
    java.util.concurrent.ThreadPoolExecutor$Worker.run (ThreadPoolExecutor.java:617)
    java.lang.Thread.run (Thread.java:748)

[36m----  Couldn't load Clojure file  src/muicljs/core.cljc   line:28  column:5  ----[0m

  [1mNo such var: mui/appBar[0m

  [36m26[0m  [36m(let [{:as props} (om/props this)][0m
  [36m27[0m  [36m(content/Content[0m
  [33m28[0m  [1m (mui/appBar nil "Inicial")[0m
  [0m  [0m  [33m ^--- No such var: mui/appBar[0m
  [36m29[0m  [36m (mui/menuDrawer {:title "Titulo"}  (menuItem/MenuItem {:href "/"} "Home") (menuItem/MenuItem {:href "/Segunda"} "Segunda"))[0m
  [36m30[0m  [36m (dom/main[0m
  [36m31[0m  [36m  #js {:className "mdl-layout__content mdl-color--grey-100"}[0m

[36m----  Exception Stack Trace  ----[0m

java.lang.RuntimeException: No such var: mui/appBar
 at clojure.lang.Util.runtimeException (Util.java:221)
    clojure.lang.Compiler.resolveIn (Compiler.java:7138)
    clojure.lang.Compiler.resolve (Compiler.java:7108)
    clojure.lang.Compiler.analyzeSymbol (Compiler.java:7069)
    clojure.lang.Compiler.analyze (Compiler.java:6648)
    clojure.lang.Compiler.analyze (Compiler.java:6625)
    clojure.lang.Compiler$InvokeExpr.parse (Compiler.java:3766)
    clojure.lang.Compiler.analyzeSeq (Compiler.java:6870)
    clojure.lang.Compiler.analyze (Compiler.java:6669)
    clojure.lang.Compiler.analyze (Compiler.java:6625)
    clojure.lang.Compiler$InvokeExpr.parse (Compiler.java:3834)
    clojure.lang.Compiler.analyzeSeq (Compiler.java:6870)
    clojure.lang.Compiler.analyze (Compiler.java:6669)
    clojure.lang.Compiler.analyze (Compiler.java:6625)
    clojure.lang.Compiler$BodyExpr$Parser.parse (Compiler.java:6001)
    clojure.lang.Compiler$LetExpr$Parser.parse (Compiler.java:6319)
    clojure.lang.Compiler.analyzeSeq (Compiler.java:6868)
    clojure.lang.Compiler.analyze (Compiler.java:6669)
    clojure.lang.Compiler.analyzeSeq (Compiler.java:6856)
    clojure.lang.Compiler.analyze (Compiler.java:6669)
    clojure.lang.Compiler.analyze (Compiler.java:6625)
    clojure.lang.Compiler$BodyExpr$Parser.parse (Compiler.java:6001)
    clojure.lang.Compiler.analyzeSeq (Compiler.java:6868)
    clojure.lang.Compiler.analyze (Compiler.java:6669)
    clojure.lang.Compiler.access$300 (Compiler.java:38)
    clojure.lang.Compiler$LetExpr$Parser.parse (Compiler.java:6269)
    clojure.lang.Compiler.analyzeSeq (Compiler.java:6868)
    clojure.lang.Compiler.analyze (Compiler.java:6669)
    clojure.lang.Compiler.analyzeSeq (Compiler.java:6856)
    clojure.lang.Compiler.analyze (Compiler.java:6669)
    clojure.lang.Compiler.analyze (Compiler.java:6625)
    clojure.lang.Compiler$BodyExpr$Parser.parse (Compiler.java:6001)
    clojure.lang.Compiler$TryExpr$Parser.parse (Compiler.java:2277)
    clojure.lang.Compiler.analyzeSeq (Compiler.java:6868)
    clojure.lang.Compiler.analyze (Compiler.java:6669)
    clojure.lang.Compiler.analyze (Compiler.java:6625)
    clojure.lang.Compiler$BodyExpr$Parser.parse (Compiler.java:6001)
    clojure.lang.Compiler$LetExpr$Parser.parse (Compiler.java:6319)
    clojure.lang.Compiler.analyzeSeq (Compiler.java:6868)
    clojure.lang.Compiler.analyze (Compiler.java:6669)
    clojure.lang.Compiler.analyzeSeq (Compiler.java:6856)
    clojure.lang.Compiler.analyze (Compiler.java:6669)
    clojure.lang.Compiler.analyzeSeq (Compiler.java:6856)
    clojure.lang.Compiler.analyze (Compiler.java:6669)
    clojure.lang.Compiler.analyze (Compiler.java:6625)
    clojure.lang.Compiler$BodyExpr$Parser.parse (Compiler.java:6001)
    clojure.lang.Compiler$LetExpr$Parser.parse (Compiler.java:6319)
    clojure.lang.Compiler.analyzeSeq (Compiler.java:6868)
    clojure.lang.Compiler.analyze (Compiler.java:6669)
    clojure.lang.Compiler.analyzeSeq (Compiler.java:6856)
    clojure.lang.Compiler.analyze (Compiler.java:6669)
    clojure.lang.Compiler.analyze (Compiler.java:6625)
    clojure.lang.Compiler$BodyExpr$Parser.parse (Compiler.java:6001)
    clojure.lang.Compiler$NewInstanceMethod.parse (Compiler.java:8262)
    clojure.lang.Compiler$NewInstanceExpr.build (Compiler.java:7798)
    clojure.lang.Compiler$NewInstanceExpr$DeftypeParser.parse (Compiler.java:7678)
    clojure.lang.Compiler.analyzeSeq (Compiler.java:6868)
    clojure.lang.Compiler.analyze (Compiler.java:6669)
    clojure.lang.Compiler.analyze (Compiler.java:6625)
    clojure.lang.Compiler$BodyExpr$Parser.parse (Compiler.java:6001)
    clojure.lang.Compiler$LetExpr$Parser.parse (Compiler.java:6319)
    clojure.lang.Compiler.analyzeSeq (Compiler.java:6868)
    clojure.lang.Compiler.analyze (Compiler.java:6669)
    clojure.lang.Compiler.analyze (Compiler.java:6625)
    clojure.lang.Compiler$BodyExpr$Parser.parse (Compiler.java:6001)
    clojure.lang.Compiler$FnMethod.parse (Compiler.java:5380)
    clojure.lang.Compiler$FnExpr.parse (Compiler.java:3972)
    clojure.lang.Compiler.analyzeSeq (Compiler.java:6866)
    clojure.lang.Compiler.analyze (Compiler.java:6669)
    clojure.lang.Compiler.eval (Compiler.java:6924)
    clojure.lang.Compiler.eval (Compiler.java:6916)
    clojure.lang.Compiler.load (Compiler.java:7379)
    clojure.lang.Compiler.loadFile (Compiler.java:7317)
    clojure.lang.RT$3.invoke (RT.java:320)
    figwheel_sidecar.build_middleware.clj_reloading$handle_clj_source_reloading.invokeStatic (clj_reloading.clj:61)
    figwheel_sidecar.build_middleware.clj_reloading$handle_clj_source_reloading.invoke (clj_reloading.clj:46)
    figwheel_sidecar.build_middleware.clj_reloading$hook$fn__24845.invoke (clj_reloading.clj:93)
    figwheel_sidecar.build_middleware.javascript_reloading$hook$fn__24878.invoke (javascript_reloading.clj:48)
    figwheel_sidecar.components.cljs_autobuild$color_output$fn__24931.invoke (cljs_autobuild.clj:79)
    figwheel_sidecar.components.cljs_autobuild$execute_build$fn__24972.invoke (cljs_autobuild.clj:231)
    figwheel_sidecar.utils$sync_exec$fn__2862$fn__2863.invoke (utils.clj:13)
    figwheel_sidecar.utils$sync_exec$fn__2862.invoke (utils.clj:12)
    clojure.core$binding_conveyor_fn$fn__4676.invoke (core.clj:1941)
    clojure.lang.AFn.applyToHelper (AFn.java:154)
    clojure.lang.RestFn.applyTo (RestFn.java:132)
    clojure.lang.Agent$Action.doRun (Agent.java:114)
    clojure.lang.Agent$Action.run (Agent.java:163)
    java.util.concurrent.ThreadPoolExecutor.runWorker (ThreadPoolExecutor.java:1142)
    java.util.concurrent.ThreadPoolExecutor$Worker.run (ThreadPoolExecutor.java:617)
    java.lang.Thread.run (Thread.java:748)

[36m----  Couldn't load Clojure file  src/muicljs/core.cljc   line:20  column:5  ----[0m

  [1mNo such var: mui/appBar[0m

  [36m18[0m  [36m(let [{:as props} (om/props this)][0m
  [36m19[0m  [36m(content/Content[0m
  [33m20[0m  [1m (mui/appBar nil "Inicial")[0m
  [0m  [0m  [33m ^--- No such var: mui/appBar[0m
  [36m21[0m  [36m (mui/menuDrawer {:title "Titulo"}  (menuItem/MenuItem {:href "/"} "Home") (menuItem/MenuItem {:href "/Segunda"} "Segunda"))[0m
  [36m22[0m  [36m (dom/main[0m
  [36m23[0m  [36m  #js {:className "mdl-layout__content mdl-color--grey-100"}[0m

[36m----  Exception Stack Trace  ----[0m

java.lang.RuntimeException: No such var: mui/appBar
 at clojure.lang.Util.runtimeException (Util.java:221)
    clojure.lang.Compiler.resolveIn (Compiler.java:7138)
    clojure.lang.Compiler.resolve (Compiler.java:7108)
    clojure.lang.Compiler.analyzeSymbol (Compiler.java:7069)
    clojure.lang.Compiler.analyze (Compiler.java:6648)
    clojure.lang.Compiler.analyze (Compiler.java:6625)
    clojure.lang.Compiler$InvokeExpr.parse (Compiler.java:3766)
    clojure.lang.Compiler.analyzeSeq (Compiler.java:6870)
    clojure.lang.Compiler.analyze (Compiler.java:6669)
    clojure.lang.Compiler.analyze (Compiler.java:6625)
    clojure.lang.Compiler$InvokeExpr.parse (Compiler.java:3834)
    clojure.lang.Compiler.analyzeSeq (Compiler.java:6870)
    clojure.lang.Compiler.analyze (Compiler.java:6669)
    clojure.lang.Compiler.analyze (Compiler.java:6625)
    clojure.lang.Compiler$BodyExpr$Parser.parse (Compiler.java:6001)
    clojure.lang.Compiler$LetExpr$Parser.parse (Compiler.java:6319)
    clojure.lang.Compiler.analyzeSeq (Compiler.java:6868)
    clojure.lang.Compiler.analyze (Compiler.java:6669)
    clojure.lang.Compiler.analyzeSeq (Compiler.java:6856)
    clojure.lang.Compiler.analyze (Compiler.java:6669)
    clojure.lang.Compiler.analyze (Compiler.java:6625)
    clojure.lang.Compiler$BodyExpr$Parser.parse (Compiler.java:6001)
    clojure.lang.Compiler.analyzeSeq (Compiler.java:6868)
    clojure.lang.Compiler.analyze (Compiler.java:6669)
    clojure.lang.Compiler.access$300 (Compiler.java:38)
    clojure.lang.Compiler$LetExpr$Parser.parse (Compiler.java:6269)
    clojure.lang.Compiler.analyzeSeq (Compiler.java:6868)
    clojure.lang.Compiler.analyze (Compiler.java:6669)
    clojure.lang.Compiler.analyzeSeq (Compiler.java:6856)
    clojure.lang.Compiler.analyze (Compiler.java:6669)
    clojure.lang.Compiler.analyze (Compiler.java:6625)
    clojure.lang.Compiler$BodyExpr$Parser.parse (Compiler.java:6001)
    clojure.lang.Compiler$TryExpr$Parser.parse (Compiler.java:2277)
    clojure.lang.Compiler.analyzeSeq (Compiler.java:6868)
    clojure.lang.Compiler.analyze (Compiler.java:6669)
    clojure.lang.Compiler.analyze (Compiler.java:6625)
    clojure.lang.Compiler$BodyExpr$Parser.parse (Compiler.java:6001)
    clojure.lang.Compiler$LetExpr$Parser.parse (Compiler.java:6319)
    clojure.lang.Compiler.analyzeSeq (Compiler.java:6868)
    clojure.lang.Compiler.analyze (Compiler.java:6669)
    clojure.lang.Compiler.analyzeSeq (Compiler.java:6856)
    clojure.lang.Compiler.analyze (Compiler.java:6669)
    clojure.lang.Compiler.analyzeSeq (Compiler.java:6856)
    clojure.lang.Compiler.analyze (Compiler.java:6669)
    clojure.lang.Compiler.analyze (Compiler.java:6625)
    clojure.lang.Compiler$BodyExpr$Parser.parse (Compiler.java:6001)
    clojure.lang.Compiler$LetExpr$Parser.parse (Compiler.java:6319)
    clojure.lang.Compiler.analyzeSeq (Compiler.java:6868)
    clojure.lang.Compiler.analyze (Compiler.java:6669)
    clojure.lang.Compiler.analyzeSeq (Compiler.java:6856)
    clojure.lang.Compiler.analyze (Compiler.java:6669)
    clojure.lang.Compiler.analyze (Compiler.java:6625)
    clojure.lang.Compiler$BodyExpr$Parser.parse (Compiler.java:6001)
    clojure.lang.Compiler$NewInstanceMethod.parse (Compiler.java:8262)
    clojure.lang.Compiler$NewInstanceExpr.build (Compiler.java:7798)
    clojure.lang.Compiler$NewInstanceExpr$DeftypeParser.parse (Compiler.java:7678)
    clojure.lang.Compiler.analyzeSeq (Compiler.java:6868)
    clojure.lang.Compiler.analyze (Compiler.java:6669)
    clojure.lang.Compiler.analyze (Compiler.java:6625)
    clojure.lang.Compiler$BodyExpr$Parser.parse (Compiler.java:6001)
    clojure.lang.Compiler$LetExpr$Parser.parse (Compiler.java:6319)
    clojure.lang.Compiler.analyzeSeq (Compiler.java:6868)
    clojure.lang.Compiler.analyze (Compiler.java:6669)
    clojure.lang.Compiler.analyze (Compiler.java:6625)
    clojure.lang.Compiler$BodyExpr$Parser.parse (Compiler.java:6001)
    clojure.lang.Compiler$FnMethod.parse (Compiler.java:5380)
    clojure.lang.Compiler$FnExpr.parse (Compiler.java:3972)
    clojure.lang.Compiler.analyzeSeq (Compiler.java:6866)
    clojure.lang.Compiler.analyze (Compiler.java:6669)
    clojure.lang.Compiler.eval (Compiler.java:6924)
    clojure.lang.Compiler.eval (Compiler.java:6916)
    clojure.lang.Compiler.load (Compiler.java:7379)
    clojure.lang.Compiler.loadFile (Compiler.java:7317)
    clojure.lang.RT$3.invoke (RT.java:320)
    figwheel_sidecar.build_middleware.clj_reloading$handle_clj_source_reloading.invokeStatic (clj_reloading.clj:61)
    figwheel_sidecar.build_middleware.clj_reloading$handle_clj_source_reloading.invoke (clj_reloading.clj:46)
    figwheel_sidecar.build_middleware.clj_reloading$hook$fn__24845.invoke (clj_reloading.clj:93)
    figwheel_sidecar.build_middleware.javascript_reloading$hook$fn__24878.invoke (javascript_reloading.clj:48)
    figwheel_sidecar.components.cljs_autobuild$color_output$fn__24931.invoke (cljs_autobuild.clj:79)
    figwheel_sidecar.components.cljs_autobuild$execute_build$fn__24972.invoke (cljs_autobuild.clj:231)
    figwheel_sidecar.utils$sync_exec$fn__2862$fn__2863.invoke (utils.clj:13)
    figwheel_sidecar.utils$sync_exec$fn__2862.invoke (utils.clj:12)
    clojure.core$binding_conveyor_fn$fn__4676.invoke (core.clj:1941)
    clojure.lang.AFn.applyToHelper (AFn.java:154)
    clojure.lang.RestFn.applyTo (RestFn.java:132)
    clojure.lang.Agent$Action.doRun (Agent.java:114)
    clojure.lang.Agent$Action.run (Agent.java:163)
    java.util.concurrent.ThreadPoolExecutor.runWorker (ThreadPoolExecutor.java:1142)
    java.util.concurrent.ThreadPoolExecutor$Worker.run (ThreadPoolExecutor.java:617)
    java.lang.Thread.run (Thread.java:748)

[36m----  Couldn't load Clojure file  src/muicljs/core.cljc   line:20  column:5  ----[0m

  [1mNo such var: mui/appBar[0m

  [36m18[0m  [36m(let [{:as props} (om/props this)][0m
  [36m19[0m  [36m(content/Content[0m
  [33m20[0m  [1m (mui/appBar nil "Inicial")[0m
  [0m  [0m  [33m ^--- No such var: mui/appBar[0m
  [36m21[0m  [36m (mui/menuDrawer {:title "Titulo"}  (mui/menuItem {:href "/"} "Home") (menuItem/MenuItem {:href "/Segunda"} "Segunda"))[0m
  [36m22[0m  [36m (dom/main[0m
  [36m23[0m  [36m  #js {:className "mdl-layout__content mdl-color--grey-100"}[0m

[36m----  Exception Stack Trace  ----[0m

java.lang.RuntimeException: No such var: mui/appBar
 at clojure.lang.Util.runtimeException (Util.java:221)
    clojure.lang.Compiler.resolveIn (Compiler.java:7138)
    clojure.lang.Compiler.resolve (Compiler.java:7108)
    clojure.lang.Compiler.analyzeSymbol (Compiler.java:7069)
    clojure.lang.Compiler.analyze (Compiler.java:6648)
    clojure.lang.Compiler.analyze (Compiler.java:6625)
    clojure.lang.Compiler$InvokeExpr.parse (Compiler.java:3766)
    clojure.lang.Compiler.analyzeSeq (Compiler.java:6870)
    clojure.lang.Compiler.analyze (Compiler.java:6669)
    clojure.lang.Compiler.analyze (Compiler.java:6625)
    clojure.lang.Compiler$InvokeExpr.parse (Compiler.java:3834)
    clojure.lang.Compiler.analyzeSeq (Compiler.java:6870)
    clojure.lang.Compiler.analyze (Compiler.java:6669)
    clojure.lang.Compiler.analyze (Compiler.java:6625)
    clojure.lang.Compiler$BodyExpr$Parser.parse (Compiler.java:6001)
    clojure.lang.Compiler$LetExpr$Parser.parse (Compiler.java:6319)
    clojure.lang.Compiler.analyzeSeq (Compiler.java:6868)
    clojure.lang.Compiler.analyze (Compiler.java:6669)
    clojure.lang.Compiler.analyzeSeq (Compiler.java:6856)
    clojure.lang.Compiler.analyze (Compiler.java:6669)
    clojure.lang.Compiler.analyze (Compiler.java:6625)
    clojure.lang.Compiler$BodyExpr$Parser.parse (Compiler.java:6001)
    clojure.lang.Compiler.analyzeSeq (Compiler.java:6868)
    clojure.lang.Compiler.analyze (Compiler.java:6669)
    clojure.lang.Compiler.access$300 (Compiler.java:38)
    clojure.lang.Compiler$LetExpr$Parser.parse (Compiler.java:6269)
    clojure.lang.Compiler.analyzeSeq (Compiler.java:6868)
    clojure.lang.Compiler.analyze (Compiler.java:6669)
    clojure.lang.Compiler.analyzeSeq (Compiler.java:6856)
    clojure.lang.Compiler.analyze (Compiler.java:6669)
    clojure.lang.Compiler.analyze (Compiler.java:6625)
    clojure.lang.Compiler$BodyExpr$Parser.parse (Compiler.java:6001)
    clojure.lang.Compiler$TryExpr$Parser.parse (Compiler.java:2277)
    clojure.lang.Compiler.analyzeSeq (Compiler.java:6868)
    clojure.lang.Compiler.analyze (Compiler.java:6669)
    clojure.lang.Compiler.analyze (Compiler.java:6625)
    clojure.lang.Compiler$BodyExpr$Parser.parse (Compiler.java:6001)
    clojure.lang.Compiler$LetExpr$Parser.parse (Compiler.java:6319)
    clojure.lang.Compiler.analyzeSeq (Compiler.java:6868)
    clojure.lang.Compiler.analyze (Compiler.java:6669)
    clojure.lang.Compiler.analyzeSeq (Compiler.java:6856)
    clojure.lang.Compiler.analyze (Compiler.java:6669)
    clojure.lang.Compiler.analyzeSeq (Compiler.java:6856)
    clojure.lang.Compiler.analyze (Compiler.java:6669)
    clojure.lang.Compiler.analyze (Compiler.java:6625)
    clojure.lang.Compiler$BodyExpr$Parser.parse (Compiler.java:6001)
    clojure.lang.Compiler$LetExpr$Parser.parse (Compiler.java:6319)
    clojure.lang.Compiler.analyzeSeq (Compiler.java:6868)
    clojure.lang.Compiler.analyze (Compiler.java:6669)
    clojure.lang.Compiler.analyzeSeq (Compiler.java:6856)
    clojure.lang.Compiler.analyze (Compiler.java:6669)
    clojure.lang.Compiler.analyze (Compiler.java:6625)
    clojure.lang.Compiler$BodyExpr$Parser.parse (Compiler.java:6001)
    clojure.lang.Compiler$NewInstanceMethod.parse (Compiler.java:8262)
    clojure.lang.Compiler$NewInstanceExpr.build (Compiler.java:7798)
    clojure.lang.Compiler$NewInstanceExpr$DeftypeParser.parse (Compiler.java:7678)
    clojure.lang.Compiler.analyzeSeq (Compiler.java:6868)
    clojure.lang.Compiler.analyze (Compiler.java:6669)
    clojure.lang.Compiler.analyze (Compiler.java:6625)
    clojure.lang.Compiler$BodyExpr$Parser.parse (Compiler.java:6001)
    clojure.lang.Compiler$LetExpr$Parser.parse (Compiler.java:6319)
    clojure.lang.Compiler.analyzeSeq (Compiler.java:6868)
    clojure.lang.Compiler.analyze (Compiler.java:6669)
    clojure.lang.Compiler.analyze (Compiler.java:6625)
    clojure.lang.Compiler$BodyExpr$Parser.parse (Compiler.java:6001)
    clojure.lang.Compiler$FnMethod.parse (Compiler.java:5380)
    clojure.lang.Compiler$FnExpr.parse (Compiler.java:3972)
    clojure.lang.Compiler.analyzeSeq (Compiler.java:6866)
    clojure.lang.Compiler.analyze (Compiler.java:6669)
    clojure.lang.Compiler.eval (Compiler.java:6924)
    clojure.lang.Compiler.eval (Compiler.java:6916)
    clojure.lang.Compiler.load (Compiler.java:7379)
    clojure.lang.Compiler.loadFile (Compiler.java:7317)
    clojure.lang.RT$3.invoke (RT.java:320)
    figwheel_sidecar.build_middleware.clj_reloading$handle_clj_source_reloading.invokeStatic (clj_reloading.clj:61)
    figwheel_sidecar.build_middleware.clj_reloading$handle_clj_source_reloading.invoke (clj_reloading.clj:46)
    figwheel_sidecar.build_middleware.clj_reloading$hook$fn__24845.invoke (clj_reloading.clj:93)
    figwheel_sidecar.build_middleware.javascript_reloading$hook$fn__24878.invoke (javascript_reloading.clj:48)
    figwheel_sidecar.components.cljs_autobuild$color_output$fn__24931.invoke (cljs_autobuild.clj:79)
    figwheel_sidecar.components.cljs_autobuild$execute_build$fn__24972.invoke (cljs_autobuild.clj:231)
    figwheel_sidecar.utils$sync_exec$fn__2862$fn__2863.invoke (utils.clj:13)
    figwheel_sidecar.utils$sync_exec$fn__2862.invoke (utils.clj:12)
    clojure.core$binding_conveyor_fn$fn__4676.invoke (core.clj:1941)
    clojure.lang.AFn.applyToHelper (AFn.java:154)
    clojure.lang.RestFn.applyTo (RestFn.java:132)
    clojure.lang.Agent$Action.doRun (Agent.java:114)
    clojure.lang.Agent$Action.run (Agent.java:163)
    java.util.concurrent.ThreadPoolExecutor.runWorker (ThreadPoolExecutor.java:1142)
    java.util.concurrent.ThreadPoolExecutor$Worker.run (ThreadPoolExecutor.java:617)
    java.lang.Thread.run (Thread.java:748)

[36m----  Couldn't load Clojure file  src/muicljs/core.cljc   line:20  column:5  ----[0m

  [1mNo such var: mui/appBar[0m

  [36m18[0m  [36m(let [{:as props} (om/props this)][0m
  [36m19[0m  [36m(content/Content[0m
  [33m20[0m  [1m (mui/appBar nil "Inicial")[0m
  [0m  [0m  [33m ^--- No such var: mui/appBar[0m
  [36m21[0m  [36m (mui/menuDrawer {:title "Titulo"}  (mui/menuItem {:href "/"} "Home") (mui/menuItem {:href "/Segunda"} "Segunda"))[0m
  [36m22[0m  [36m (dom/main[0m
  [36m23[0m  [36m  #js {:className "mdl-layout__content mdl-color--grey-100"}[0m

[36m----  Exception Stack Trace  ----[0m

java.lang.RuntimeException: No such var: mui/appBar
 at clojure.lang.Util.runtimeException (Util.java:221)
    clojure.lang.Compiler.resolveIn (Compiler.java:7138)
    clojure.lang.Compiler.resolve (Compiler.java:7108)
    clojure.lang.Compiler.analyzeSymbol (Compiler.java:7069)
    clojure.lang.Compiler.analyze (Compiler.java:6648)
    clojure.lang.Compiler.analyze (Compiler.java:6625)
    clojure.lang.Compiler$InvokeExpr.parse (Compiler.java:3766)
    clojure.lang.Compiler.analyzeSeq (Compiler.java:6870)
    clojure.lang.Compiler.analyze (Compiler.java:6669)
    clojure.lang.Compiler.analyze (Compiler.java:6625)
    clojure.lang.Compiler$InvokeExpr.parse (Compiler.java:3834)
    clojure.lang.Compiler.analyzeSeq (Compiler.java:6870)
    clojure.lang.Compiler.analyze (Compiler.java:6669)
    clojure.lang.Compiler.analyze (Compiler.java:6625)
    clojure.lang.Compiler$BodyExpr$Parser.parse (Compiler.java:6001)
    clojure.lang.Compiler$LetExpr$Parser.parse (Compiler.java:6319)
    clojure.lang.Compiler.analyzeSeq (Compiler.java:6868)
    clojure.lang.Compiler.analyze (Compiler.java:6669)
    clojure.lang.Compiler.analyzeSeq (Compiler.java:6856)
    clojure.lang.Compiler.analyze (Compiler.java:6669)
    clojure.lang.Compiler.analyze (Compiler.java:6625)
    clojure.lang.Compiler$BodyExpr$Parser.parse (Compiler.java:6001)
    clojure.lang.Compiler.analyzeSeq (Compiler.java:6868)
    clojure.lang.Compiler.analyze (Compiler.java:6669)
    clojure.lang.Compiler.access$300 (Compiler.java:38)
    clojure.lang.Compiler$LetExpr$Parser.parse (Compiler.java:6269)
    clojure.lang.Compiler.analyzeSeq (Compiler.java:6868)
    clojure.lang.Compiler.analyze (Compiler.java:6669)
    clojure.lang.Compiler.analyzeSeq (Compiler.java:6856)
    clojure.lang.Compiler.analyze (Compiler.java:6669)
    clojure.lang.Compiler.analyze (Compiler.java:6625)
    clojure.lang.Compiler$BodyExpr$Parser.parse (Compiler.java:6001)
    clojure.lang.Compiler$TryExpr$Parser.parse (Compiler.java:2277)
    clojure.lang.Compiler.analyzeSeq (Compiler.java:6868)
    clojure.lang.Compiler.analyze (Compiler.java:6669)
    clojure.lang.Compiler.analyze (Compiler.java:6625)
    clojure.lang.Compiler$BodyExpr$Parser.parse (Compiler.java:6001)
    clojure.lang.Compiler$LetExpr$Parser.parse (Compiler.java:6319)
    clojure.lang.Compiler.analyzeSeq (Compiler.java:6868)
    clojure.lang.Compiler.analyze (Compiler.java:6669)
    clojure.lang.Compiler.analyzeSeq (Compiler.java:6856)
    clojure.lang.Compiler.analyze (Compiler.java:6669)
    clojure.lang.Compiler.analyzeSeq (Compiler.java:6856)
    clojure.lang.Compiler.analyze (Compiler.java:6669)
    clojure.lang.Compiler.analyze (Compiler.java:6625)
    clojure.lang.Compiler$BodyExpr$Parser.parse (Compiler.java:6001)
    clojure.lang.Compiler$LetExpr$Parser.parse (Compiler.java:6319)
    clojure.lang.Compiler.analyzeSeq (Compiler.java:6868)
    clojure.lang.Compiler.analyze (Compiler.java:6669)
    clojure.lang.Compiler.analyzeSeq (Compiler.java:6856)
    clojure.lang.Compiler.analyze (Compiler.java:6669)
    clojure.lang.Compiler.analyze (Compiler.java:6625)
    clojure.lang.Compiler$BodyExpr$Parser.parse (Compiler.java:6001)
    clojure.lang.Compiler$NewInstanceMethod.parse (Compiler.java:8262)
    clojure.lang.Compiler$NewInstanceExpr.build (Compiler.java:7798)
    clojure.lang.Compiler$NewInstanceExpr$DeftypeParser.parse (Compiler.java:7678)
    clojure.lang.Compiler.analyzeSeq (Compiler.java:6868)
    clojure.lang.Compiler.analyze (Compiler.java:6669)
    clojure.lang.Compiler.analyze (Compiler.java:6625)
    clojure.lang.Compiler$BodyExpr$Parser.parse (Compiler.java:6001)
    clojure.lang.Compiler$LetExpr$Parser.parse (Compiler.java:6319)
    clojure.lang.Compiler.analyzeSeq (Compiler.java:6868)
    clojure.lang.Compiler.analyze (Compiler.java:6669)
    clojure.lang.Compiler.analyze (Compiler.java:6625)
    clojure.lang.Compiler$BodyExpr$Parser.parse (Compiler.java:6001)
    clojure.lang.Compiler$FnMethod.parse (Compiler.java:5380)
    clojure.lang.Compiler$FnExpr.parse (Compiler.java:3972)
    clojure.lang.Compiler.analyzeSeq (Compiler.java:6866)
    clojure.lang.Compiler.analyze (Compiler.java:6669)
    clojure.lang.Compiler.eval (Compiler.java:6924)
    clojure.lang.Compiler.eval (Compiler.java:6916)
    clojure.lang.Compiler.load (Compiler.java:7379)
    clojure.lang.Compiler.loadFile (Compiler.java:7317)
    clojure.lang.RT$3.invoke (RT.java:320)
    figwheel_sidecar.build_middleware.clj_reloading$handle_clj_source_reloading.invokeStatic (clj_reloading.clj:61)
    figwheel_sidecar.build_middleware.clj_reloading$handle_clj_source_reloading.invoke (clj_reloading.clj:46)
    figwheel_sidecar.build_middleware.clj_reloading$hook$fn__24845.invoke (clj_reloading.clj:93)
    figwheel_sidecar.build_middleware.javascript_reloading$hook$fn__24878.invoke (javascript_reloading.clj:48)
    figwheel_sidecar.components.cljs_autobuild$color_output$fn__24931.invoke (cljs_autobuild.clj:79)
    figwheel_sidecar.components.cljs_autobuild$execute_build$fn__24972.invoke (cljs_autobuild.clj:231)
    figwheel_sidecar.utils$sync_exec$fn__2862$fn__2863.invoke (utils.clj:13)
    figwheel_sidecar.utils$sync_exec$fn__2862.invoke (utils.clj:12)
    clojure.core$binding_conveyor_fn$fn__4676.invoke (core.clj:1941)
    clojure.lang.AFn.applyToHelper (AFn.java:154)
    clojure.lang.RestFn.applyTo (RestFn.java:132)
    clojure.lang.Agent$Action.doRun (Agent.java:114)
    clojure.lang.Agent$Action.run (Agent.java:163)
    java.util.concurrent.ThreadPoolExecutor.runWorker (ThreadPoolExecutor.java:1142)
    java.util.concurrent.ThreadPoolExecutor$Worker.run (ThreadPoolExecutor.java:617)
    java.lang.Thread.run (Thread.java:748)

[36m----  Couldn't load Clojure file  src/muicljs/core.cljc   line:20  column:5  ----[0m

  [1mNo such var: mui/appBar[0m

  [36m18[0m  [36m(let [{:as props} (om/props this)][0m
  [36m19[0m  [36m(content/Content[0m
  [33m20[0m  [1m (mui/appBar nil "Inicial")[0m
  [0m  [0m  [33m ^--- No such var: mui/appBar[0m
  [36m21[0m  [36m (mui/menuDrawer {:title "Titulo"}  (mui/menuItem {:href "/"} "Home") (mui/menuItem {:href "/Segunda"} "Segunda"))[0m
  [36m22[0m  [36m (dom/main[0m
  [36m23[0m  [36m  #js {:className "mdl-layout__content mdl-color--grey-100"}[0m

[36m----  Exception Stack Trace  ----[0m

java.lang.RuntimeException: No such var: mui/appBar
 at clojure.lang.Util.runtimeException (Util.java:221)
    clojure.lang.Compiler.resolveIn (Compiler.java:7138)
    clojure.lang.Compiler.resolve (Compiler.java:7108)
    clojure.lang.Compiler.analyzeSymbol (Compiler.java:7069)
    clojure.lang.Compiler.analyze (Compiler.java:6648)
    clojure.lang.Compiler.analyze (Compiler.java:6625)
    clojure.lang.Compiler$InvokeExpr.parse (Compiler.java:3766)
    clojure.lang.Compiler.analyzeSeq (Compiler.java:6870)
    clojure.lang.Compiler.analyze (Compiler.java:6669)
    clojure.lang.Compiler.analyze (Compiler.java:6625)
    clojure.lang.Compiler$InvokeExpr.parse (Compiler.java:3834)
    clojure.lang.Compiler.analyzeSeq (Compiler.java:6870)
    clojure.lang.Compiler.analyze (Compiler.java:6669)
    clojure.lang.Compiler.analyze (Compiler.java:6625)
    clojure.lang.Compiler$BodyExpr$Parser.parse (Compiler.java:6001)
    clojure.lang.Compiler$LetExpr$Parser.parse (Compiler.java:6319)
    clojure.lang.Compiler.analyzeSeq (Compiler.java:6868)
    clojure.lang.Compiler.analyze (Compiler.java:6669)
    clojure.lang.Compiler.analyzeSeq (Compiler.java:6856)
    clojure.lang.Compiler.analyze (Compiler.java:6669)
    clojure.lang.Compiler.analyze (Compiler.java:6625)
    clojure.lang.Compiler$BodyExpr$Parser.parse (Compiler.java:6001)
    clojure.lang.Compiler.analyzeSeq (Compiler.java:6868)
    clojure.lang.Compiler.analyze (Compiler.java:6669)
    clojure.lang.Compiler.access$300 (Compiler.java:38)
    clojure.lang.Compiler$LetExpr$Parser.parse (Compiler.java:6269)
    clojure.lang.Compiler.analyzeSeq (Compiler.java:6868)
    clojure.lang.Compiler.analyze (Compiler.java:6669)
    clojure.lang.Compiler.analyzeSeq (Compiler.java:6856)
    clojure.lang.Compiler.analyze (Compiler.java:6669)
    clojure.lang.Compiler.analyze (Compiler.java:6625)
    clojure.lang.Compiler$BodyExpr$Parser.parse (Compiler.java:6001)
    clojure.lang.Compiler$TryExpr$Parser.parse (Compiler.java:2277)
    clojure.lang.Compiler.analyzeSeq (Compiler.java:6868)
    clojure.lang.Compiler.analyze (Compiler.java:6669)
    clojure.lang.Compiler.analyze (Compiler.java:6625)
    clojure.lang.Compiler$BodyExpr$Parser.parse (Compiler.java:6001)
    clojure.lang.Compiler$LetExpr$Parser.parse (Compiler.java:6319)
    clojure.lang.Compiler.analyzeSeq (Compiler.java:6868)
    clojure.lang.Compiler.analyze (Compiler.java:6669)
    clojure.lang.Compiler.analyzeSeq (Compiler.java:6856)
    clojure.lang.Compiler.analyze (Compiler.java:6669)
    clojure.lang.Compiler.analyzeSeq (Compiler.java:6856)
    clojure.lang.Compiler.analyze (Compiler.java:6669)
    clojure.lang.Compiler.analyze (Compiler.java:6625)
    clojure.lang.Compiler$BodyExpr$Parser.parse (Compiler.java:6001)
    clojure.lang.Compiler$LetExpr$Parser.parse (Compiler.java:6319)
    clojure.lang.Compiler.analyzeSeq (Compiler.java:6868)
    clojure.lang.Compiler.analyze (Compiler.java:6669)
    clojure.lang.Compiler.analyzeSeq (Compiler.java:6856)
    clojure.lang.Compiler.analyze (Compiler.java:6669)
    clojure.lang.Compiler.analyze (Compiler.java:6625)
    clojure.lang.Compiler$BodyExpr$Parser.parse (Compiler.java:6001)
    clojure.lang.Compiler$NewInstanceMethod.parse (Compiler.java:8262)
    clojure.lang.Compiler$NewInstanceExpr.build (Compiler.java:7798)
    clojure.lang.Compiler$NewInstanceExpr$DeftypeParser.parse (Compiler.java:7678)
    clojure.lang.Compiler.analyzeSeq (Compiler.java:6868)
    clojure.lang.Compiler.analyze (Compiler.java:6669)
    clojure.lang.Compiler.analyze (Compiler.java:6625)
    clojure.lang.Compiler$BodyExpr$Parser.parse (Compiler.java:6001)
    clojure.lang.Compiler$LetExpr$Parser.parse (Compiler.java:6319)
    clojure.lang.Compiler.analyzeSeq (Compiler.java:6868)
    clojure.lang.Compiler.analyze (Compiler.java:6669)
    clojure.lang.Compiler.analyze (Compiler.java:6625)
    clojure.lang.Compiler$BodyExpr$Parser.parse (Compiler.java:6001)
    clojure.lang.Compiler$FnMethod.parse (Compiler.java:5380)
    clojure.lang.Compiler$FnExpr.parse (Compiler.java:3972)
    clojure.lang.Compiler.analyzeSeq (Compiler.java:6866)
    clojure.lang.Compiler.analyze (Compiler.java:6669)
    clojure.lang.Compiler.eval (Compiler.java:6924)
    clojure.lang.Compiler.eval (Compiler.java:6916)
    clojure.lang.Compiler.load (Compiler.java:7379)
    clojure.lang.Compiler.loadFile (Compiler.java:7317)
    clojure.lang.RT$3.invoke (RT.java:320)
    figwheel_sidecar.build_middleware.clj_reloading$handle_clj_source_reloading.invokeStatic (clj_reloading.clj:61)
    figwheel_sidecar.build_middleware.clj_reloading$handle_clj_source_reloading.invoke (clj_reloading.clj:46)
    figwheel_sidecar.build_middleware.clj_reloading$hook$fn__24845.invoke (clj_reloading.clj:93)
    figwheel_sidecar.build_middleware.javascript_reloading$hook$fn__24878.invoke (javascript_reloading.clj:48)
    figwheel_sidecar.components.cljs_autobuild$color_output$fn__24931.invoke (cljs_autobuild.clj:79)
    figwheel_sidecar.components.cljs_autobuild$execute_build$fn__24972.invoke (cljs_autobuild.clj:231)
    figwheel_sidecar.utils$sync_exec$fn__2862$fn__2863.invoke (utils.clj:13)
    figwheel_sidecar.utils$sync_exec$fn__2862.invoke (utils.clj:12)
    clojure.core$binding_conveyor_fn$fn__4676.invoke (core.clj:1941)
    clojure.lang.AFn.applyToHelper (AFn.java:154)
    clojure.lang.RestFn.applyTo (RestFn.java:132)
    clojure.lang.Agent$Action.doRun (Agent.java:114)
    clojure.lang.Agent$Action.run (Agent.java:163)
    java.util.concurrent.ThreadPoolExecutor.runWorker (ThreadPoolExecutor.java:1142)
    java.util.concurrent.ThreadPoolExecutor$Worker.run (ThreadPoolExecutor.java:617)
    java.lang.Thread.run (Thread.java:748)

[36m----  Couldn't load Clojure file  src/muicljs/mui.cljc   line:13  column:1  ----[0m

  [1mUnable to resolve symbol: enable-console-print! in this context[0m

  [36m11[0m  [36m            [om.dom :as dom]))[0m
  [36m12[0m  [36m[0m
  [33m13[0m  [1m(enable-console-print!)[0m
  [0m  [0m  [33m^--- Unable to resolve symbol: enable-console-print! in this context[0m
  [36m14[0m  [36m[0m
  [36m15[0m  [36m(defn appBar [s t] (appBar1/AppBar s t))[0m
  [36m16[0m  [36m(defn button [s t] (button1/Button s t))[0m

[36m----  Exception Stack Trace  ----[0m

java.lang.RuntimeException: Unable to resolve symbol: enable-console-print! in this context
 at clojure.lang.Util.runtimeException (Util.java:221)
    clojure.lang.Compiler.resolveIn (Compiler.java:7164)
    clojure.lang.Compiler.resolve (Compiler.java:7108)
    clojure.lang.Compiler.analyzeSymbol (Compiler.java:7069)
    clojure.lang.Compiler.analyze (Compiler.java:6648)
    clojure.lang.Compiler.analyze (Compiler.java:6625)
    clojure.lang.Compiler$InvokeExpr.parse (Compiler.java:3766)
    clojure.lang.Compiler.analyzeSeq (Compiler.java:6870)
    clojure.lang.Compiler.analyze (Compiler.java:6669)
    clojure.lang.Compiler.analyze (Compiler.java:6625)
    clojure.lang.Compiler$BodyExpr$Parser.parse (Compiler.java:6001)
    clojure.lang.Compiler$FnMethod.parse (Compiler.java:5380)
    clojure.lang.Compiler$FnExpr.parse (Compiler.java:3972)
    clojure.lang.Compiler.analyzeSeq (Compiler.java:6866)
    clojure.lang.Compiler.analyze (Compiler.java:6669)
    clojure.lang.Compiler.eval (Compiler.java:6924)
    clojure.lang.Compiler.load (Compiler.java:7379)
    clojure.lang.Compiler.loadFile (Compiler.java:7317)
    clojure.lang.RT$3.invoke (RT.java:320)
    figwheel_sidecar.build_middleware.clj_reloading$handle_clj_source_reloading.invokeStatic (clj_reloading.clj:61)
    figwheel_sidecar.build_middleware.clj_reloading$handle_clj_source_reloading.invoke (clj_reloading.clj:46)
    figwheel_sidecar.build_middleware.clj_reloading$hook$fn__24845.invoke (clj_reloading.clj:93)
    figwheel_sidecar.build_middleware.javascript_reloading$hook$fn__24878.invoke (javascript_reloading.clj:48)
    figwheel_sidecar.components.cljs_autobuild$color_output$fn__24931.invoke (cljs_autobuild.clj:79)
    figwheel_sidecar.components.cljs_autobuild$execute_build$fn__24972.invoke (cljs_autobuild.clj:231)
    figwheel_sidecar.utils$sync_exec$fn__2862$fn__2863.invoke (utils.clj:13)
    figwheel_sidecar.utils$sync_exec$fn__2862.invoke (utils.clj:12)
    clojure.core$binding_conveyor_fn$fn__4676.invoke (core.clj:1941)
    clojure.lang.AFn.applyToHelper (AFn.java:154)
    clojure.lang.RestFn.applyTo (RestFn.java:132)
    clojure.lang.Agent$Action.doRun (Agent.java:114)
    clojure.lang.Agent$Action.run (Agent.java:163)
    java.util.concurrent.ThreadPoolExecutor.runWorker (ThreadPoolExecutor.java:1142)
    java.util.concurrent.ThreadPoolExecutor$Worker.run (ThreadPoolExecutor.java:617)
    java.lang.Thread.run (Thread.java:748)

[36m----  Couldn't load Clojure file  src/muicljs/mui.cljc   line:13  column:1  ----[0m

  [1mUnable to resolve symbol: enable-console-print! in this context[0m

  [36m11[0m  [36m            [om.dom :as dom]))[0m
  [36m12[0m  [36m[0m
  [33m13[0m  [1m(enable-console-print!)[0m
  [0m  [0m  [33m^--- Unable to resolve symbol: enable-console-print! in this context[0m
  [36m14[0m  [36m[0m
  [36m15[0m  [36m(defn appBar [s t] (appBar1/AppBar s t))[0m
  [36m16[0m  [36m(defn button [s t] (button1/Button s t))[0m

[36m----  Exception Stack Trace  ----[0m

java.lang.RuntimeException: Unable to resolve symbol: enable-console-print! in this context
 at clojure.lang.Util.runtimeException (Util.java:221)
    clojure.lang.Compiler.resolveIn (Compiler.java:7164)
    clojure.lang.Compiler.resolve (Compiler.java:7108)
    clojure.lang.Compiler.analyzeSymbol (Compiler.java:7069)
    clojure.lang.Compiler.analyze (Compiler.java:6648)
    clojure.lang.Compiler.analyze (Compiler.java:6625)
    clojure.lang.Compiler$InvokeExpr.parse (Compiler.java:3766)
    clojure.lang.Compiler.analyzeSeq (Compiler.java:6870)
    clojure.lang.Compiler.analyze (Compiler.java:6669)
    clojure.lang.Compiler.analyze (Compiler.java:6625)
    clojure.lang.Compiler$BodyExpr$Parser.parse (Compiler.java:6001)
    clojure.lang.Compiler$FnMethod.parse (Compiler.java:5380)
    clojure.lang.Compiler$FnExpr.parse (Compiler.java:3972)
    clojure.lang.Compiler.analyzeSeq (Compiler.java:6866)
    clojure.lang.Compiler.analyze (Compiler.java:6669)
    clojure.lang.Compiler.eval (Compiler.java:6924)
    clojure.lang.Compiler.load (Compiler.java:7379)
    clojure.lang.Compiler.loadFile (Compiler.java:7317)
    clojure.lang.RT$3.invoke (RT.java:320)
    figwheel_sidecar.build_middleware.clj_reloading$handle_clj_source_reloading.invokeStatic (clj_reloading.clj:61)
    figwheel_sidecar.build_middleware.clj_reloading$handle_clj_source_reloading.invoke (clj_reloading.clj:46)
    figwheel_sidecar.build_middleware.clj_reloading$hook$fn__24845.invoke (clj_reloading.clj:93)
    figwheel_sidecar.build_middleware.javascript_reloading$hook$fn__24878.invoke (javascript_reloading.clj:48)
    figwheel_sidecar.components.cljs_autobuild$color_output$fn__24931.invoke (cljs_autobuild.clj:79)
    figwheel_sidecar.components.cljs_autobuild$execute_build$fn__24972.invoke (cljs_autobuild.clj:231)
    figwheel_sidecar.utils$sync_exec$fn__2862$fn__2863.invoke (utils.clj:13)
    figwheel_sidecar.utils$sync_exec$fn__2862.invoke (utils.clj:12)
    clojure.core$binding_conveyor_fn$fn__4676.invoke (core.clj:1941)
    clojure.lang.AFn.applyToHelper (AFn.java:154)
    clojure.lang.RestFn.applyTo (RestFn.java:132)
    clojure.lang.Agent$Action.doRun (Agent.java:114)
    clojure.lang.Agent$Action.run (Agent.java:163)
    java.util.concurrent.ThreadPoolExecutor.runWorker (ThreadPoolExecutor.java:1142)
    java.util.concurrent.ThreadPoolExecutor$Worker.run (ThreadPoolExecutor.java:617)
    java.lang.Thread.run (Thread.java:748)

[36m----  Couldn't load Clojure file  src/muicljs/core.cljc   line:19  column:4  ----[0m

  [1mNo such var: mui/Content[0m

  [36m17[0m  [36m[this][0m
  [36m18[0m  [36m(let [{:as props} (om/props this)][0m
  [33m19[0m  [1m(mui/Content[0m
  [0m  [0m  [33m^--- No such var: mui/Content[0m
  [36m20[0m  [36m (mui/appBar nil "Inicial")[0m
  [36m21[0m  [36m (mui/menuDrawer {:title "Titulo"}  (mui/menuItem {:href "/"} "Home") (mui/menuItem {:href "/Segunda"} "Segunda"))[0m
  [36m22[0m  [36m (dom/main[0m

[36m----  Exception Stack Trace  ----[0m

java.lang.RuntimeException: No such var: mui/Content
 at clojure.lang.Util.runtimeException (Util.java:221)
    clojure.lang.Compiler.resolveIn (Compiler.java:7138)
    clojure.lang.Compiler.resolve (Compiler.java:7108)
    clojure.lang.Compiler.analyzeSymbol (Compiler.java:7069)
    clojure.lang.Compiler.analyze (Compiler.java:6648)
    clojure.lang.Compiler.analyze (Compiler.java:6625)
    clojure.lang.Compiler$InvokeExpr.parse (Compiler.java:3766)
    clojure.lang.Compiler.analyzeSeq (Compiler.java:6870)
    clojure.lang.Compiler.analyze (Compiler.java:6669)
    clojure.lang.Compiler.analyze (Compiler.java:6625)
    clojure.lang.Compiler$BodyExpr$Parser.parse (Compiler.java:6001)
    clojure.lang.Compiler$LetExpr$Parser.parse (Compiler.java:6319)
    clojure.lang.Compiler.analyzeSeq (Compiler.java:6868)
    clojure.lang.Compiler.analyze (Compiler.java:6669)
    clojure.lang.Compiler.analyzeSeq (Compiler.java:6856)
    clojure.lang.Compiler.analyze (Compiler.java:6669)
    clojure.lang.Compiler.analyze (Compiler.java:6625)
    clojure.lang.Compiler$BodyExpr$Parser.parse (Compiler.java:6001)
    clojure.lang.Compiler.analyzeSeq (Compiler.java:6868)
    clojure.lang.Compiler.analyze (Compiler.java:6669)
    clojure.lang.Compiler.access$300 (Compiler.java:38)
    clojure.lang.Compiler$LetExpr$Parser.parse (Compiler.java:6269)
    clojure.lang.Compiler.analyzeSeq (Compiler.java:6868)
    clojure.lang.Compiler.analyze (Compiler.java:6669)
    clojure.lang.Compiler.analyzeSeq (Compiler.java:6856)
    clojure.lang.Compiler.analyze (Compiler.java:6669)
    clojure.lang.Compiler.analyze (Compiler.java:6625)
    clojure.lang.Compiler$BodyExpr$Parser.parse (Compiler.java:6001)
    clojure.lang.Compiler$TryExpr$Parser.parse (Compiler.java:2277)
    clojure.lang.Compiler.analyzeSeq (Compiler.java:6868)
    clojure.lang.Compiler.analyze (Compiler.java:6669)
    clojure.lang.Compiler.analyze (Compiler.java:6625)
    clojure.lang.Compiler$BodyExpr$Parser.parse (Compiler.java:6001)
    clojure.lang.Compiler$LetExpr$Parser.parse (Compiler.java:6319)
    clojure.lang.Compiler.analyzeSeq (Compiler.java:6868)
    clojure.lang.Compiler.analyze (Compiler.java:6669)
    clojure.lang.Compiler.analyzeSeq (Compiler.java:6856)
    clojure.lang.Compiler.analyze (Compiler.java:6669)
    clojure.lang.Compiler.analyzeSeq (Compiler.java:6856)
    clojure.lang.Compiler.analyze (Compiler.java:6669)
    clojure.lang.Compiler.analyze (Compiler.java:6625)
    clojure.lang.Compiler$BodyExpr$Parser.parse (Compiler.java:6001)
    clojure.lang.Compiler$LetExpr$Parser.parse (Compiler.java:6319)
    clojure.lang.Compiler.analyzeSeq (Compiler.java:6868)
    clojure.lang.Compiler.analyze (Compiler.java:6669)
    clojure.lang.Compiler.analyzeSeq (Compiler.java:6856)
    clojure.lang.Compiler.analyze (Compiler.java:6669)
    clojure.lang.Compiler.analyze (Compiler.java:6625)
    clojure.lang.Compiler$BodyExpr$Parser.parse (Compiler.java:6001)
    clojure.lang.Compiler$NewInstanceMethod.parse (Compiler.java:8262)
    clojure.lang.Compiler$NewInstanceExpr.build (Compiler.java:7798)
    clojure.lang.Compiler$NewInstanceExpr$DeftypeParser.parse (Compiler.java:7678)
    clojure.lang.Compiler.analyzeSeq (Compiler.java:6868)
    clojure.lang.Compiler.analyze (Compiler.java:6669)
    clojure.lang.Compiler.analyze (Compiler.java:6625)
    clojure.lang.Compiler$BodyExpr$Parser.parse (Compiler.java:6001)
    clojure.lang.Compiler$LetExpr$Parser.parse (Compiler.java:6319)
    clojure.lang.Compiler.analyzeSeq (Compiler.java:6868)
    clojure.lang.Compiler.analyze (Compiler.java:6669)
    clojure.lang.Compiler.analyze (Compiler.java:6625)
    clojure.lang.Compiler$BodyExpr$Parser.parse (Compiler.java:6001)
    clojure.lang.Compiler$FnMethod.parse (Compiler.java:5380)
    clojure.lang.Compiler$FnExpr.parse (Compiler.java:3972)
    clojure.lang.Compiler.analyzeSeq (Compiler.java:6866)
    clojure.lang.Compiler.analyze (Compiler.java:6669)
    clojure.lang.Compiler.eval (Compiler.java:6924)
    clojure.lang.Compiler.eval (Compiler.java:6916)
    clojure.lang.Compiler.load (Compiler.java:7379)
    clojure.lang.Compiler.loadFile (Compiler.java:7317)
    clojure.lang.RT$3.invoke (RT.java:320)
    figwheel_sidecar.build_middleware.clj_reloading$handle_clj_source_reloading.invokeStatic (clj_reloading.clj:61)
    figwheel_sidecar.build_middleware.clj_reloading$handle_clj_source_reloading.invoke (clj_reloading.clj:46)
    figwheel_sidecar.build_middleware.clj_reloading$hook$fn__24845.invoke (clj_reloading.clj:93)
    figwheel_sidecar.build_middleware.javascript_reloading$hook$fn__24878.invoke (javascript_reloading.clj:48)
    figwheel_sidecar.components.cljs_autobuild$color_output$fn__24931.invoke (cljs_autobuild.clj:79)
    figwheel_sidecar.components.cljs_autobuild$execute_build$fn__24972.invoke (cljs_autobuild.clj:231)
    figwheel_sidecar.utils$sync_exec$fn__2862$fn__2863.invoke (utils.clj:13)
    figwheel_sidecar.utils$sync_exec$fn__2862.invoke (utils.clj:12)
    clojure.core$binding_conveyor_fn$fn__4676.invoke (core.clj:1941)
    clojure.lang.AFn.applyToHelper (AFn.java:154)
    clojure.lang.RestFn.applyTo (RestFn.java:132)
    clojure.lang.Agent$Action.doRun (Agent.java:114)
    clojure.lang.Agent$Action.run (Agent.java:163)
    java.util.concurrent.ThreadPoolExecutor.runWorker (ThreadPoolExecutor.java:1142)
    java.util.concurrent.ThreadPoolExecutor$Worker.run (ThreadPoolExecutor.java:617)
    java.lang.Thread.run (Thread.java:748)

[36m----  Couldn't load Clojure file  src/muicljs/core.cljc   line:19  column:4  ----[0m

  [1mNo such var: mui/content[0m

  [36m17[0m  [36m[this][0m
  [36m18[0m  [36m(let [{:as props} (om/props this)][0m
  [33m19[0m  [1m(mui/content[0m
  [0m  [0m  [33m^--- No such var: mui/content[0m
  [36m20[0m  [36m (mui/appBar nil "Inicial")[0m
  [36m21[0m  [36m (mui/menuDrawer {:title "Titulo"}  (mui/menuItem {:href "/"} "Home") (mui/menuItem {:href "/Segunda"} "Segunda"))[0m
  [36m22[0m  [36m (dom/main[0m

[36m----  Exception Stack Trace  ----[0m

java.lang.RuntimeException: No such var: mui/content
 at clojure.lang.Util.runtimeException (Util.java:221)
    clojure.lang.Compiler.resolveIn (Compiler.java:7138)
    clojure.lang.Compiler.resolve (Compiler.java:7108)
    clojure.lang.Compiler.analyzeSymbol (Compiler.java:7069)
    clojure.lang.Compiler.analyze (Compiler.java:6648)
    clojure.lang.Compiler.analyze (Compiler.java:6625)
    clojure.lang.Compiler$InvokeExpr.parse (Compiler.java:3766)
    clojure.lang.Compiler.analyzeSeq (Compiler.java:6870)
    clojure.lang.Compiler.analyze (Compiler.java:6669)
    clojure.lang.Compiler.analyze (Compiler.java:6625)
    clojure.lang.Compiler$BodyExpr$Parser.parse (Compiler.java:6001)
    clojure.lang.Compiler$LetExpr$Parser.parse (Compiler.java:6319)
    clojure.lang.Compiler.analyzeSeq (Compiler.java:6868)
    clojure.lang.Compiler.analyze (Compiler.java:6669)
    clojure.lang.Compiler.analyzeSeq (Compiler.java:6856)
    clojure.lang.Compiler.analyze (Compiler.java:6669)
    clojure.lang.Compiler.analyze (Compiler.java:6625)
    clojure.lang.Compiler$BodyExpr$Parser.parse (Compiler.java:6001)
    clojure.lang.Compiler.analyzeSeq (Compiler.java:6868)
    clojure.lang.Compiler.analyze (Compiler.java:6669)
    clojure.lang.Compiler.access$300 (Compiler.java:38)
    clojure.lang.Compiler$LetExpr$Parser.parse (Compiler.java:6269)
    clojure.lang.Compiler.analyzeSeq (Compiler.java:6868)
    clojure.lang.Compiler.analyze (Compiler.java:6669)
    clojure.lang.Compiler.analyzeSeq (Compiler.java:6856)
    clojure.lang.Compiler.analyze (Compiler.java:6669)
    clojure.lang.Compiler.analyze (Compiler.java:6625)
    clojure.lang.Compiler$BodyExpr$Parser.parse (Compiler.java:6001)
    clojure.lang.Compiler$TryExpr$Parser.parse (Compiler.java:2277)
    clojure.lang.Compiler.analyzeSeq (Compiler.java:6868)
    clojure.lang.Compiler.analyze (Compiler.java:6669)
    clojure.lang.Compiler.analyze (Compiler.java:6625)
    clojure.lang.Compiler$BodyExpr$Parser.parse (Compiler.java:6001)
    clojure.lang.Compiler$LetExpr$Parser.parse (Compiler.java:6319)
    clojure.lang.Compiler.analyzeSeq (Compiler.java:6868)
    clojure.lang.Compiler.analyze (Compiler.java:6669)
    clojure.lang.Compiler.analyzeSeq (Compiler.java:6856)
    clojure.lang.Compiler.analyze (Compiler.java:6669)
    clojure.lang.Compiler.analyzeSeq (Compiler.java:6856)
    clojure.lang.Compiler.analyze (Compiler.java:6669)
    clojure.lang.Compiler.analyze (Compiler.java:6625)
    clojure.lang.Compiler$BodyExpr$Parser.parse (Compiler.java:6001)
    clojure.lang.Compiler$LetExpr$Parser.parse (Compiler.java:6319)
    clojure.lang.Compiler.analyzeSeq (Compiler.java:6868)
    clojure.lang.Compiler.analyze (Compiler.java:6669)
    clojure.lang.Compiler.analyzeSeq (Compiler.java:6856)
    clojure.lang.Compiler.analyze (Compiler.java:6669)
    clojure.lang.Compiler.analyze (Compiler.java:6625)
    clojure.lang.Compiler$BodyExpr$Parser.parse (Compiler.java:6001)
    clojure.lang.Compiler$NewInstanceMethod.parse (Compiler.java:8262)
    clojure.lang.Compiler$NewInstanceExpr.build (Compiler.java:7798)
    clojure.lang.Compiler$NewInstanceExpr$DeftypeParser.parse (Compiler.java:7678)
    clojure.lang.Compiler.analyzeSeq (Compiler.java:6868)
    clojure.lang.Compiler.analyze (Compiler.java:6669)
    clojure.lang.Compiler.analyze (Compiler.java:6625)
    clojure.lang.Compiler$BodyExpr$Parser.parse (Compiler.java:6001)
    clojure.lang.Compiler$LetExpr$Parser.parse (Compiler.java:6319)
    clojure.lang.Compiler.analyzeSeq (Compiler.java:6868)
    clojure.lang.Compiler.analyze (Compiler.java:6669)
    clojure.lang.Compiler.analyze (Compiler.java:6625)
    clojure.lang.Compiler$BodyExpr$Parser.parse (Compiler.java:6001)
    clojure.lang.Compiler$FnMethod.parse (Compiler.java:5380)
    clojure.lang.Compiler$FnExpr.parse (Compiler.java:3972)
    clojure.lang.Compiler.analyzeSeq (Compiler.java:6866)
    clojure.lang.Compiler.analyze (Compiler.java:6669)
    clojure.lang.Compiler.eval (Compiler.java:6924)
    clojure.lang.Compiler.eval (Compiler.java:6916)
    clojure.lang.Compiler.load (Compiler.java:7379)
    clojure.lang.Compiler.loadFile (Compiler.java:7317)
    clojure.lang.RT$3.invoke (RT.java:320)
    figwheel_sidecar.build_middleware.clj_reloading$handle_clj_source_reloading.invokeStatic (clj_reloading.clj:61)
    figwheel_sidecar.build_middleware.clj_reloading$handle_clj_source_reloading.invoke (clj_reloading.clj:46)
    figwheel_sidecar.build_middleware.clj_reloading$hook$fn__24845.invoke (clj_reloading.clj:93)
    figwheel_sidecar.build_middleware.javascript_reloading$hook$fn__24878.invoke (javascript_reloading.clj:48)
    figwheel_sidecar.components.cljs_autobuild$color_output$fn__24931.invoke (cljs_autobuild.clj:79)
    figwheel_sidecar.components.cljs_autobuild$execute_build$fn__24972.invoke (cljs_autobuild.clj:231)
    figwheel_sidecar.utils$sync_exec$fn__2862$fn__2863.invoke (utils.clj:13)
    figwheel_sidecar.utils$sync_exec$fn__2862.invoke (utils.clj:12)
    clojure.core$binding_conveyor_fn$fn__4676.invoke (core.clj:1941)
    clojure.lang.AFn.applyToHelper (AFn.java:154)
    clojure.lang.RestFn.applyTo (RestFn.java:132)
    clojure.lang.Agent$Action.doRun (Agent.java:114)
    clojure.lang.Agent$Action.run (Agent.java:163)
    java.util.concurrent.ThreadPoolExecutor.runWorker (ThreadPoolExecutor.java:1142)
    java.util.concurrent.ThreadPoolExecutor$Worker.run (ThreadPoolExecutor.java:617)
    java.lang.Thread.run (Thread.java:748)

[36m----  Couldn't load Clojure file  src/muicljs/mui.cljc   line:13  column:1  ----[0m

  [1mUnable to resolve symbol: enable-console-print! in this context[0m

  [36m11[0m  [36m            [om.dom :as dom]))[0m
  [36m12[0m  [36m[0m
  [33m13[0m  [1m(enable-console-print!)[0m
  [0m  [0m  [33m^--- Unable to resolve symbol: enable-console-print! in this context[0m
  [36m14[0m  [36m[0m
  [36m15[0m  [36m(defn appBar [s t] (appBar/AppBar s t))[0m
  [36m16[0m  [36m(defn button [s t] (button/Button s t))[0m

[36m----  Exception Stack Trace  ----[0m

java.lang.RuntimeException: Unable to resolve symbol: enable-console-print! in this context
 at clojure.lang.Util.runtimeException (Util.java:221)
    clojure.lang.Compiler.resolveIn (Compiler.java:7164)
    clojure.lang.Compiler.resolve (Compiler.java:7108)
    clojure.lang.Compiler.analyzeSymbol (Compiler.java:7069)
    clojure.lang.Compiler.analyze (Compiler.java:6648)
    clojure.lang.Compiler.analyze (Compiler.java:6625)
    clojure.lang.Compiler$InvokeExpr.parse (Compiler.java:3766)
    clojure.lang.Compiler.analyzeSeq (Compiler.java:6870)
    clojure.lang.Compiler.analyze (Compiler.java:6669)
    clojure.lang.Compiler.analyze (Compiler.java:6625)
    clojure.lang.Compiler$BodyExpr$Parser.parse (Compiler.java:6001)
    clojure.lang.Compiler$FnMethod.parse (Compiler.java:5380)
    clojure.lang.Compiler$FnExpr.parse (Compiler.java:3972)
    clojure.lang.Compiler.analyzeSeq (Compiler.java:6866)
    clojure.lang.Compiler.analyze (Compiler.java:6669)
    clojure.lang.Compiler.eval (Compiler.java:6924)
    clojure.lang.Compiler.load (Compiler.java:7379)
    clojure.lang.Compiler.loadFile (Compiler.java:7317)
    clojure.lang.RT$3.invoke (RT.java:320)
    figwheel_sidecar.build_middleware.clj_reloading$handle_clj_source_reloading.invokeStatic (clj_reloading.clj:61)
    figwheel_sidecar.build_middleware.clj_reloading$handle_clj_source_reloading.invoke (clj_reloading.clj:46)
    figwheel_sidecar.build_middleware.clj_reloading$hook$fn__24845.invoke (clj_reloading.clj:93)
    figwheel_sidecar.build_middleware.javascript_reloading$hook$fn__24878.invoke (javascript_reloading.clj:48)
    figwheel_sidecar.components.cljs_autobuild$color_output$fn__24931.invoke (cljs_autobuild.clj:79)
    figwheel_sidecar.components.cljs_autobuild$execute_build$fn__24972.invoke (cljs_autobuild.clj:231)
    figwheel_sidecar.utils$sync_exec$fn__2862$fn__2863.invoke (utils.clj:13)
    figwheel_sidecar.utils$sync_exec$fn__2862.invoke (utils.clj:12)
    clojure.core$binding_conveyor_fn$fn__4676.invoke (core.clj:1941)
    clojure.lang.AFn.applyToHelper (AFn.java:154)
    clojure.lang.RestFn.applyTo (RestFn.java:132)
    clojure.lang.Agent$Action.doRun (Agent.java:114)
    clojure.lang.Agent$Action.run (Agent.java:163)
    java.util.concurrent.ThreadPoolExecutor.runWorker (ThreadPoolExecutor.java:1142)
    java.util.concurrent.ThreadPoolExecutor$Worker.run (ThreadPoolExecutor.java:617)
    java.lang.Thread.run (Thread.java:748)

[36m----  Couldn't load Clojure file  muicljs/mui.cljc   line:13  column:1  ----[0m

  [1mUnable to resolve symbol: enable-console-print! in this context[0m

[36m----  Exception Stack Trace  ----[0m

java.lang.RuntimeException: Unable to resolve symbol: enable-console-print! in this context
 at clojure.lang.Util.runtimeException (Util.java:221)
    clojure.lang.Compiler.resolveIn (Compiler.java:7164)
    clojure.lang.Compiler.resolve (Compiler.java:7108)
    clojure.lang.Compiler.analyzeSymbol (Compiler.java:7069)
    clojure.lang.Compiler.analyze (Compiler.java:6648)
    clojure.lang.Compiler.analyze (Compiler.java:6625)
    clojure.lang.Compiler$InvokeExpr.parse (Compiler.java:3766)
    clojure.lang.Compiler.analyzeSeq (Compiler.java:6870)
    clojure.lang.Compiler.analyze (Compiler.java:6669)
    clojure.lang.Compiler.analyze (Compiler.java:6625)
    clojure.lang.Compiler$BodyExpr$Parser.parse (Compiler.java:6001)
    clojure.lang.Compiler$FnMethod.parse (Compiler.java:5380)
    clojure.lang.Compiler$FnExpr.parse (Compiler.java:3972)
    clojure.lang.Compiler.analyzeSeq (Compiler.java:6866)
    clojure.lang.Compiler.analyze (Compiler.java:6669)
    clojure.lang.Compiler.eval (Compiler.java:6924)
    clojure.lang.Compiler.load (Compiler.java:7379)
    clojure.lang.RT.loadResourceScript (RT.java:372)
    clojure.lang.RT.loadResourceScript (RT.java:363)
    clojure.lang.RT.load (RT.java:453)
    clojure.lang.RT.load (RT.java:419)
    clojure.core$load$fn__5677.invoke (core.clj:5893)
    clojure.core$load.invokeStatic (core.clj:5892)
    clojure.core$load.doInvoke (core.clj:5876)
    clojure.lang.RestFn.invoke (RestFn.java:408)
    clojure.core$load_one.invokeStatic (core.clj:5697)
    clojure.core$load_one.invoke (core.clj:5692)
    clojure.core$load_lib$fn__5626.invoke (core.clj:5737)
    clojure.core$load_lib.invokeStatic (core.clj:5736)
    clojure.core$load_lib.doInvoke (core.clj:5717)
    clojure.lang.RestFn.applyTo (RestFn.java:142)
    clojure.core$apply.invokeStatic (core.clj:648)
    clojure.core$load_libs.invokeStatic (core.clj:5774)
    clojure.core$load_libs.doInvoke (core.clj:5758)
    clojure.lang.RestFn.applyTo (RestFn.java:137)
    clojure.core$apply.invokeStatic (core.clj:648)
    clojure.core$require.invokeStatic (core.clj:5796)
    clojure.core$require.doInvoke (core.clj:5796)
    clojure.lang.RestFn.invoke (RestFn.java:436)
    muicljs.core$eval30324$loading__5569__auto____30325.invoke (core.cljc:1)
    muicljs.core$eval30324.invokeStatic (core.cljc:1)
    muicljs.core$eval30324.invoke (core.cljc:1)
    clojure.lang.Compiler.eval (Compiler.java:6927)
    clojure.lang.Compiler.eval (Compiler.java:6916)
    clojure.lang.Compiler.load (Compiler.java:7379)
    clojure.lang.Compiler.loadFile (Compiler.java:7317)
    clojure.lang.RT$3.invoke (RT.java:320)
    figwheel_sidecar.build_middleware.clj_reloading$handle_clj_source_reloading.invokeStatic (clj_reloading.clj:61)
    figwheel_sidecar.build_middleware.clj_reloading$handle_clj_source_reloading.invoke (clj_reloading.clj:46)
    figwheel_sidecar.build_middleware.clj_reloading$hook$fn__24845.invoke (clj_reloading.clj:93)
    figwheel_sidecar.build_middleware.javascript_reloading$hook$fn__24878.invoke (javascript_reloading.clj:48)
    figwheel_sidecar.components.cljs_autobuild$color_output$fn__24931.invoke (cljs_autobuild.clj:79)
    figwheel_sidecar.components.cljs_autobuild$execute_build$fn__24972.invoke (cljs_autobuild.clj:231)
    figwheel_sidecar.utils$sync_exec$fn__2862$fn__2863.invoke (utils.clj:13)
    figwheel_sidecar.utils$sync_exec$fn__2862.invoke (utils.clj:12)
    clojure.core$binding_conveyor_fn$fn__4676.invoke (core.clj:1941)
    clojure.lang.AFn.applyToHelper (AFn.java:154)
    clojure.lang.RestFn.applyTo (RestFn.java:132)
    clojure.lang.Agent$Action.doRun (Agent.java:114)
    clojure.lang.Agent$Action.run (Agent.java:163)
    java.util.concurrent.ThreadPoolExecutor.runWorker (ThreadPoolExecutor.java:1142)
    java.util.concurrent.ThreadPoolExecutor$Worker.run (ThreadPoolExecutor.java:617)
    java.lang.Thread.run (Thread.java:748)

[36m----  Couldn't load Clojure file  muicljs/mui.cljc   line:13  column:1  ----[0m

  [1mUnable to resolve symbol: enable-console-print! in this context[0m

[36m----  Exception Stack Trace  ----[0m

java.lang.RuntimeException: Unable to resolve symbol: enable-console-print! in this context
 at clojure.lang.Util.runtimeException (Util.java:221)
    clojure.lang.Compiler.resolveIn (Compiler.java:7164)
    clojure.lang.Compiler.resolve (Compiler.java:7108)
    clojure.lang.Compiler.analyzeSymbol (Compiler.java:7069)
    clojure.lang.Compiler.analyze (Compiler.java:6648)
    clojure.lang.Compiler.analyze (Compiler.java:6625)
    clojure.lang.Compiler$InvokeExpr.parse (Compiler.java:3766)
    clojure.lang.Compiler.analyzeSeq (Compiler.java:6870)
    clojure.lang.Compiler.analyze (Compiler.java:6669)
    clojure.lang.Compiler.analyze (Compiler.java:6625)
    clojure.lang.Compiler$BodyExpr$Parser.parse (Compiler.java:6001)
    clojure.lang.Compiler$FnMethod.parse (Compiler.java:5380)
    clojure.lang.Compiler$FnExpr.parse (Compiler.java:3972)
    clojure.lang.Compiler.analyzeSeq (Compiler.java:6866)
    clojure.lang.Compiler.analyze (Compiler.java:6669)
    clojure.lang.Compiler.eval (Compiler.java:6924)
    clojure.lang.Compiler.load (Compiler.java:7379)
    clojure.lang.RT.loadResourceScript (RT.java:372)
    clojure.lang.RT.loadResourceScript (RT.java:363)
    clojure.lang.RT.load (RT.java:453)
    clojure.lang.RT.load (RT.java:419)
    clojure.core$load$fn__5677.invoke (core.clj:5893)
    clojure.core$load.invokeStatic (core.clj:5892)
    clojure.core$load.doInvoke (core.clj:5876)
    clojure.lang.RestFn.invoke (RestFn.java:408)
    clojure.core$load_one.invokeStatic (core.clj:5697)
    clojure.core$load_one.invoke (core.clj:5692)
    clojure.core$load_lib$fn__5626.invoke (core.clj:5737)
    clojure.core$load_lib.invokeStatic (core.clj:5736)
    clojure.core$load_lib.doInvoke (core.clj:5717)
    clojure.lang.RestFn.applyTo (RestFn.java:142)
    clojure.core$apply.invokeStatic (core.clj:648)
    clojure.core$load_libs.invokeStatic (core.clj:5774)
    clojure.core$load_libs.doInvoke (core.clj:5758)
    clojure.lang.RestFn.applyTo (RestFn.java:137)
    clojure.core$apply.invokeStatic (core.clj:648)
    clojure.core$require.invokeStatic (core.clj:5796)
    clojure.core$require.doInvoke (core.clj:5796)
    clojure.lang.RestFn.invoke (RestFn.java:436)
    muicljs.core$eval30301$loading__5569__auto____30302.invoke (core.cljc:1)
    muicljs.core$eval30301.invokeStatic (core.cljc:1)
    muicljs.core$eval30301.invoke (core.cljc:1)
    clojure.lang.Compiler.eval (Compiler.java:6927)
    clojure.lang.Compiler.eval (Compiler.java:6916)
    clojure.lang.Compiler.load (Compiler.java:7379)
    clojure.lang.Compiler.loadFile (Compiler.java:7317)
    clojure.lang.RT$3.invoke (RT.java:320)
    figwheel_sidecar.build_middleware.clj_reloading$handle_clj_source_reloading.invokeStatic (clj_reloading.clj:61)
    figwheel_sidecar.build_middleware.clj_reloading$handle_clj_source_reloading.invoke (clj_reloading.clj:46)
    figwheel_sidecar.build_middleware.clj_reloading$hook$fn__24845.invoke (clj_reloading.clj:93)
    figwheel_sidecar.build_middleware.javascript_reloading$hook$fn__24878.invoke (javascript_reloading.clj:48)
    figwheel_sidecar.components.cljs_autobuild$color_output$fn__24931.invoke (cljs_autobuild.clj:79)
    figwheel_sidecar.components.cljs_autobuild$execute_build$fn__24972.invoke (cljs_autobuild.clj:231)
    figwheel_sidecar.utils$sync_exec$fn__2862$fn__2863.invoke (utils.clj:13)
    figwheel_sidecar.utils$sync_exec$fn__2862.invoke (utils.clj:12)
    clojure.core$binding_conveyor_fn$fn__4676.invoke (core.clj:1941)
    clojure.lang.AFn.applyToHelper (AFn.java:154)
    clojure.lang.RestFn.applyTo (RestFn.java:132)
    clojure.lang.Agent$Action.doRun (Agent.java:114)
    clojure.lang.Agent$Action.run (Agent.java:163)
    java.util.concurrent.ThreadPoolExecutor.runWorker (ThreadPoolExecutor.java:1142)
    java.util.concurrent.ThreadPoolExecutor$Worker.run (ThreadPoolExecutor.java:617)
    java.lang.Thread.run (Thread.java:748)

[0mCompiling "resources/public/js/mui.js" from ["src"]...[0m
Compiling /home/jonathan/code/work/mui/muicljs/src/muicljs/core.cljc
Compiling target/figwheel_temp/dev/figwheel/connect/dev.cljs
Copying file:/home/jonathan/code/work/mui/muicljs/src/muicljs/core.cljc to resources/public/js/muicljs/core.cljc
[32mSuccessfully compiled "resources/public/js/mui.js" in 0.623 seconds.[0m
notifying browser that file changed:  resources/public/js/goog/deps.js
notifying browser that file changed:  resources/public/js/cljs_deps.js
notifying browser that file changed:  resources/public/js/muicljs/core.js
[0mCompiling "resources/public/js/mui.js" from ["src"]...[0m
Compiling /home/jonathan/code/work/mui/muicljs/src/muicljs/core.cljc
Compiling target/figwheel_temp/dev/figwheel/connect/dev.cljs
Copying file:/home/jonathan/code/work/mui/muicljs/src/muicljs/core.cljc to resources/public/js/muicljs/core.cljc
[32mSuccessfully compiled "resources/public/js/mui.js" in 0.604 seconds.[0m
notifying browser that file changed:  resources/public/js/muicljs/core.js
